<?xml version="1.0" encoding="UTF-8"?>
<!-- Generated by org.testng.reporters.JUnitXMLReporter -->
<testsuite ignored="0" hostname="LAPTOP-G06LN27R" failures="0" tests="6" name="Default test" time="10.361" errors="0" timestamp="2023-01-24T00:29:52 AEDT">
  <testcase classname="api.TestCases.DataDrivenTest" name="testPostUser" time="2.44"/>
  <testcase classname="api.TestCases.DataDrivenTest" name="testPostUser" time="1.25"/>
  <testcase classname="api.TestCases.DataDrivenTest" name="testPostUser" time="1.922"/>
  <testcase classname="api.TestCases.DataDrivenTest" name="testDeleteUserByName" time="1.452"/>
  <testcase classname="api.TestCases.DataDrivenTest" name="testDeleteUserByName" time="1.171"/>
  <testcase classname="api.TestCases.DataDrivenTest" name="testDeleteUserByName" time="1.179"/>
</testsuite> <!-- Default test -->
