<?xml version="1.0" encoding="UTF-8"?>
<testng-results ignored="0" total="4" passed="4" failed="0" skipped="0">
  <reporter-output>
  </reporter-output>
  <suite started-at="2023-01-24T02:25:18 AEDT" name="PetSuite" finished-at="2023-01-24T02:25:28 AEDT" duration-ms="10025">
    <groups>
    </groups>
    <test started-at="2023-01-24T02:25:18 AEDT" name="PetTest" finished-at="2023-01-24T02:25:28 AEDT" duration-ms="10025">
      <class name="api.TestCases.UserTests">
        <test-method is-config="true" signature="setupData()[pri:0, instance:api.TestCases.UserTests@52719fb6]" started-at="2023-01-24T02:25:19 AEDT" name="setupData" finished-at="2023-01-24T02:25:19 AEDT" duration-ms="724" status="PASS">
          <reporter-output>
          </reporter-output>
        </test-method> <!-- setupData -->
        <test-method signature="testPostUser()[pri:1, instance:api.TestCases.UserTests@52719fb6]" started-at="2023-01-24T02:25:19 AEDT" name="testPostUser" finished-at="2023-01-24T02:25:23 AEDT" duration-ms="3367" status="PASS">
          <reporter-output>
          </reporter-output>
        </test-method> <!-- testPostUser -->
        <test-method signature="testGetUserByName()[pri:2, instance:api.TestCases.UserTests@52719fb6]" started-at="2023-01-24T02:25:23 AEDT" name="testGetUserByName" finished-at="2023-01-24T02:25:24 AEDT" duration-ms="1388" status="PASS">
          <reporter-output>
          </reporter-output>
        </test-method> <!-- testGetUserByName -->
        <test-method signature="testUpdateByUser()[pri:3, instance:api.TestCases.UserTests@52719fb6]" started-at="2023-01-24T02:25:24 AEDT" name="testUpdateByUser" finished-at="2023-01-24T02:25:27 AEDT" duration-ms="2617" status="PASS">
          <reporter-output>
          </reporter-output>
        </test-method> <!-- testUpdateByUser -->
        <test-method signature="testDeleteByUser()[pri:4, instance:api.TestCases.UserTests@52719fb6]" started-at="2023-01-24T02:25:27 AEDT" name="testDeleteByUser" finished-at="2023-01-24T02:25:28 AEDT" duration-ms="1647" status="PASS">
          <reporter-output>
          </reporter-output>
        </test-method> <!-- testDeleteByUser -->
      </class> <!-- api.TestCases.UserTests -->
    </test> <!-- PetTest -->
  </suite> <!-- PetSuite -->
</testng-results>
