<?xml version="1.0" encoding="UTF-8"?>
<!-- Generated by org.testng.reporters.JUnitXMLReporter -->
<testsuite ignored="0" hostname="LAPTOP-G06LN27R" failures="0" tests="4" name="PetTest" time="10.025" errors="0" timestamp="2023-01-24T02:25:29 AEDT">
  <testcase classname="api.TestCases.UserTests" name="testPostUser" time="3.367"/>
  <testcase classname="api.TestCases.UserTests" name="testGetUserByName" time="1.388"/>
  <testcase classname="api.TestCases.UserTests" name="testUpdateByUser" time="2.617"/>
  <testcase classname="api.TestCases.UserTests" name="testDeleteByUser" time="1.647"/>
</testsuite> <!-- PetTest -->
