<?xml version="1.0" encoding="UTF-8"?>
<!-- Generated by org.testng.reporters.JUnitXMLReporter -->
<testsuite ignored="0" hostname="LAPTOP-G06LN27R" failures="0" tests="4" name="TestPet" time="9.755" errors="0" timestamp="2023-01-24T02:05:54 AEDT">
  <testcase classname="api.TestCases.UserTests2" name="testPostUser" time="3.453"/>
  <testcase classname="api.TestCases.UserTests2" name="testGetUserByName" time="1.28"/>
  <testcase classname="api.TestCases.UserTests2" name="testUpdateByUser" time="2.821"/>
  <testcase classname="api.TestCases.UserTests2" name="testDeleteByUser" time="1.43"/>
</testsuite> <!-- TestPet -->
