<?xml version="1.0" encoding="UTF-8"?>
<!-- Generated by org.testng.reporters.JUnitXMLReporter -->
<testsuite ignored="0" hostname="LAPTOP-G06LN27R" failures="0" tests="4" name="PetTest" time="10.198" errors="0" timestamp="2023-01-24T01:24:38 AEDT">
  <testcase classname="api.TestCases.UserTests" name="testPostUser" time="3.238"/>
  <testcase classname="api.TestCases.UserTests" name="testGetUserByName" time="1.377"/>
  <testcase classname="api.TestCases.UserTests" name="testUpdateByUser" time="2.93"/>
  <testcase classname="api.TestCases.UserTests" name="testDeleteByUser" time="1.54"/>
</testsuite> <!-- PetTest -->
